<?xml version="1.0" encoding="UTF-8"?>
<testsuite xmlns:xsi="http://www.w3.org/2001/XMLSchema-instance" xsi:noNamespaceSchemaLocation="https://maven.apache.org/surefire/maven-surefire-plugin/xsd/surefire-test-report.xsd" name="TestLogin" time="24.486" tests="1" errors="0" skipped="0" failures="0">
  <properties>
    <property name="sun.desktop" value="gnome"/>
    <property name="awt.toolkit" value="sun.awt.X11.XToolkit"/>
    <property name="java.specification.version" value="11"/>
    <property name="sun.cpu.isalist" value=""/>
    <property name="sun.jnu.encoding" value="UTF-8"/>
    <property name="java.class.path" value="/home/mkhabenko/Work/ApolloUITests/target/test-classes:/home/mkhabenko/Work/ApolloUITests/target/classes:/home/mkhabenko/.m2/repository/org/seleniumhq/selenium/selenium-java/3.141.59/selenium-java-3.141.59.jar:/home/mkhabenko/.m2/repository/org/seleniumhq/selenium/selenium-api/3.141.59/selenium-api-3.141.59.jar:/home/mkhabenko/.m2/repository/org/seleniumhq/selenium/selenium-edge-driver/3.141.59/selenium-edge-driver-3.141.59.jar:/home/mkhabenko/.m2/repository/org/seleniumhq/selenium/selenium-firefox-driver/3.141.59/selenium-firefox-driver-3.141.59.jar:/home/mkhabenko/.m2/repository/org/seleniumhq/selenium/selenium-ie-driver/3.141.59/selenium-ie-driver-3.141.59.jar:/home/mkhabenko/.m2/repository/org/seleniumhq/selenium/selenium-opera-driver/3.141.59/selenium-opera-driver-3.141.59.jar:/home/mkhabenko/.m2/repository/org/seleniumhq/selenium/selenium-remote-driver/3.141.59/selenium-remote-driver-3.141.59.jar:/home/mkhabenko/.m2/repository/org/seleniumhq/selenium/selenium-safari-driver/3.141.59/selenium-safari-driver-3.141.59.jar:/home/mkhabenko/.m2/repository/org/seleniumhq/selenium/selenium-support/3.141.59/selenium-support-3.141.59.jar:/home/mkhabenko/.m2/repository/net/bytebuddy/byte-buddy/1.8.15/byte-buddy-1.8.15.jar:/home/mkhabenko/.m2/repository/org/apache/commons/commons-exec/1.3/commons-exec-1.3.jar:/home/mkhabenko/.m2/repository/com/google/guava/guava/25.0-jre/guava-25.0-jre.jar:/home/mkhabenko/.m2/repository/com/google/code/findbugs/jsr305/1.3.9/jsr305-1.3.9.jar:/home/mkhabenko/.m2/repository/org/checkerframework/checker-compat-qual/2.0.0/checker-compat-qual-2.0.0.jar:/home/mkhabenko/.m2/repository/com/google/errorprone/error_prone_annotations/2.1.3/error_prone_annotations-2.1.3.jar:/home/mkhabenko/.m2/repository/com/google/j2objc/j2objc-annotations/1.1/j2objc-annotations-1.1.jar:/home/mkhabenko/.m2/repository/org/codehaus/mojo/animal-sniffer-annotations/1.14/animal-sniffer-annotations-1.14.jar:/home/mkhabenko/.m2/repository/com/squareup/okhttp3/okhttp/3.11.0/okhttp-3.11.0.jar:/home/mkhabenko/.m2/repository/com/squareup/okio/okio/1.14.0/okio-1.14.0.jar:/home/mkhabenko/.m2/repository/org/junit/jupiter/junit-jupiter-api/5.4.2/junit-jupiter-api-5.4.2.jar:/home/mkhabenko/.m2/repository/org/apiguardian/apiguardian-api/1.0.0/apiguardian-api-1.0.0.jar:/home/mkhabenko/.m2/repository/org/opentest4j/opentest4j/1.1.1/opentest4j-1.1.1.jar:/home/mkhabenko/.m2/repository/org/junit/platform/junit-platform-commons/1.4.2/junit-platform-commons-1.4.2.jar:/home/mkhabenko/.m2/repository/org/junit/jupiter/junit-jupiter-engine/5.4.2/junit-jupiter-engine-5.4.2.jar:/home/mkhabenko/.m2/repository/org/junit/platform/junit-platform-engine/1.4.2/junit-platform-engine-1.4.2.jar:/home/mkhabenko/.m2/repository/org/seleniumhq/selenium/selenium-chrome-driver/3.141.59/selenium-chrome-driver-3.141.59.jar:/home/mkhabenko/.m2/repository/io/github/bonigarcia/webdrivermanager/3.5.0/webdrivermanager-3.5.0.jar:/home/mkhabenko/.m2/repository/org/slf4j/slf4j-api/1.7.25/slf4j-api-1.7.25.jar:/home/mkhabenko/.m2/repository/commons-io/commons-io/2.6/commons-io-2.6.jar:/home/mkhabenko/.m2/repository/com/google/code/gson/gson/2.8.5/gson-2.8.5.jar:/home/mkhabenko/.m2/repository/org/apache/commons/commons-lang3/3.8.1/commons-lang3-3.8.1.jar:/home/mkhabenko/.m2/repository/org/apache/httpcomponents/httpclient/4.5.6/httpclient-4.5.6.jar:/home/mkhabenko/.m2/repository/org/apache/httpcomponents/httpcore/4.4.10/httpcore-4.4.10.jar:/home/mkhabenko/.m2/repository/commons-logging/commons-logging/1.2/commons-logging-1.2.jar:/home/mkhabenko/.m2/repository/commons-codec/commons-codec/1.10/commons-codec-1.10.jar:/home/mkhabenko/.m2/repository/org/rauschig/jarchivelib/1.0.0/jarchivelib-1.0.0.jar:/home/mkhabenko/.m2/repository/org/apache/commons/commons-compress/1.18/commons-compress-1.18.jar:/home/mkhabenko/.m2/repository/org/jsoup/jsoup/1.11.3/jsoup-1.11.3.jar:/home/mkhabenko/.m2/repository/com/googlecode/json-simple/json-simple/1.1.1/json-simple-1.1.1.jar:/home/mkhabenko/.m2/repository/junit/junit/4.10/junit-4.10.jar:/home/mkhabenko/.m2/repository/org/hamcrest/hamcrest-core/1.1/hamcrest-core-1.1.jar:/home/mkhabenko/.m2/repository/org/testcontainers/selenium/1.10.6/selenium-1.10.6.jar:/home/mkhabenko/.m2/repository/org/testcontainers/testcontainers/1.10.6/testcontainers-1.10.6.jar:/home/mkhabenko/.m2/repository/org/jetbrains/annotations/16.0.3/annotations-16.0.3.jar:/home/mkhabenko/.m2/repository/javax/annotation/javax.annotation-api/1.3.2/javax.annotation-api-1.3.2.jar:/home/mkhabenko/.m2/repository/javax/xml/bind/jaxb-api/2.3.1/jaxb-api-2.3.1.jar:/home/mkhabenko/.m2/repository/javax/activation/javax.activation-api/1.2.0/javax.activation-api-1.2.0.jar:/home/mkhabenko/.m2/repository/org/rnorth/duct-tape/duct-tape/1.0.7/duct-tape-1.0.7.jar:/home/mkhabenko/.m2/repository/org/rnorth/visible-assertions/visible-assertions/2.1.2/visible-assertions-2.1.2.jar:/home/mkhabenko/.m2/repository/net/java/dev/jna/jna/5.2.0/jna-5.2.0.jar:/home/mkhabenko/.m2/repository/org/rnorth/tcp-unix-socket-proxy/1.0.2/tcp-unix-socket-proxy-1.0.2.jar:/home/mkhabenko/.m2/repository/com/kohlschutter/junixsocket/junixsocket-native-common/2.0.4/junixsocket-native-common-2.0.4.jar:/home/mkhabenko/.m2/repository/org/scijava/native-lib-loader/2.0.2/native-lib-loader-2.0.2.jar:/home/mkhabenko/.m2/repository/com/kohlschutter/junixsocket/junixsocket-common/2.0.4/junixsocket-common-2.0.4.jar:/home/mkhabenko/.m2/repository/net/java/dev/jna/jna-platform/5.2.0/jna-platform-5.2.0.jar:/home/mkhabenko/.m2/repository/com/fasterxml/jackson/core/jackson-annotations/2.9.8/jackson-annotations-2.9.8.jar:/home/mkhabenko/.m2/repository/com/fasterxml/jackson/core/jackson-databind/2.9.8/jackson-databind-2.9.8.jar:/home/mkhabenko/.m2/repository/com/fasterxml/jackson/core/jackson-core/2.9.8/jackson-core-2.9.8.jar:/home/mkhabenko/.m2/repository/log4j/log4j/1.2.17/log4j-1.2.17.jar:"/>
    <property name="java.vm.vendor" value="Oracle Corporation"/>
    <property name="sun.arch.data.model" value="64"/>
    <property name="java.vendor.url" value="http://java.oracle.com/"/>
    <property name="user.timezone" value=""/>
    <property name="java.vm.specification.version" value="11"/>
    <property name="os.name" value="Linux"/>
    <property name="sun.java.launcher" value="SUN_STANDARD"/>
    <property name="user.country" value="US"/>
    <property name="sun.boot.library.path" value="/usr/lib/jvm/java-11-openjdk-amd64/lib"/>
    <property name="sun.java.command" value="/home/mkhabenko/Work/ApolloUITests/target/surefire/surefirebooter1462582535359057160.jar /home/mkhabenko/Work/ApolloUITests/target/surefire 2019-05-16T17-22-50_875-jvmRun1 surefire15335951833771772762tmp surefire_011662617528328267826tmp"/>
    <property name="jdk.debug" value="release"/>
    <property name="surefire.test.class.path" value="/home/mkhabenko/Work/ApolloUITests/target/test-classes:/home/mkhabenko/Work/ApolloUITests/target/classes:/home/mkhabenko/.m2/repository/org/seleniumhq/selenium/selenium-java/3.141.59/selenium-java-3.141.59.jar:/home/mkhabenko/.m2/repository/org/seleniumhq/selenium/selenium-api/3.141.59/selenium-api-3.141.59.jar:/home/mkhabenko/.m2/repository/org/seleniumhq/selenium/selenium-edge-driver/3.141.59/selenium-edge-driver-3.141.59.jar:/home/mkhabenko/.m2/repository/org/seleniumhq/selenium/selenium-firefox-driver/3.141.59/selenium-firefox-driver-3.141.59.jar:/home/mkhabenko/.m2/repository/org/seleniumhq/selenium/selenium-ie-driver/3.141.59/selenium-ie-driver-3.141.59.jar:/home/mkhabenko/.m2/repository/org/seleniumhq/selenium/selenium-opera-driver/3.141.59/selenium-opera-driver-3.141.59.jar:/home/mkhabenko/.m2/repository/org/seleniumhq/selenium/selenium-remote-driver/3.141.59/selenium-remote-driver-3.141.59.jar:/home/mkhabenko/.m2/repository/org/seleniumhq/selenium/selenium-safari-driver/3.141.59/selenium-safari-driver-3.141.59.jar:/home/mkhabenko/.m2/repository/org/seleniumhq/selenium/selenium-support/3.141.59/selenium-support-3.141.59.jar:/home/mkhabenko/.m2/repository/net/bytebuddy/byte-buddy/1.8.15/byte-buddy-1.8.15.jar:/home/mkhabenko/.m2/repository/org/apache/commons/commons-exec/1.3/commons-exec-1.3.jar:/home/mkhabenko/.m2/repository/com/google/guava/guava/25.0-jre/guava-25.0-jre.jar:/home/mkhabenko/.m2/repository/com/google/code/findbugs/jsr305/1.3.9/jsr305-1.3.9.jar:/home/mkhabenko/.m2/repository/org/checkerframework/checker-compat-qual/2.0.0/checker-compat-qual-2.0.0.jar:/home/mkhabenko/.m2/repository/com/google/errorprone/error_prone_annotations/2.1.3/error_prone_annotations-2.1.3.jar:/home/mkhabenko/.m2/repository/com/google/j2objc/j2objc-annotations/1.1/j2objc-annotations-1.1.jar:/home/mkhabenko/.m2/repository/org/codehaus/mojo/animal-sniffer-annotations/1.14/animal-sniffer-annotations-1.14.jar:/home/mkhabenko/.m2/repository/com/squareup/okhttp3/okhttp/3.11.0/okhttp-3.11.0.jar:/home/mkhabenko/.m2/repository/com/squareup/okio/okio/1.14.0/okio-1.14.0.jar:/home/mkhabenko/.m2/repository/org/junit/jupiter/junit-jupiter-api/5.4.2/junit-jupiter-api-5.4.2.jar:/home/mkhabenko/.m2/repository/org/apiguardian/apiguardian-api/1.0.0/apiguardian-api-1.0.0.jar:/home/mkhabenko/.m2/repository/org/opentest4j/opentest4j/1.1.1/opentest4j-1.1.1.jar:/home/mkhabenko/.m2/repository/org/junit/platform/junit-platform-commons/1.4.2/junit-platform-commons-1.4.2.jar:/home/mkhabenko/.m2/repository/org/junit/jupiter/junit-jupiter-engine/5.4.2/junit-jupiter-engine-5.4.2.jar:/home/mkhabenko/.m2/repository/org/junit/platform/junit-platform-engine/1.4.2/junit-platform-engine-1.4.2.jar:/home/mkhabenko/.m2/repository/org/seleniumhq/selenium/selenium-chrome-driver/3.141.59/selenium-chrome-driver-3.141.59.jar:/home/mkhabenko/.m2/repository/io/github/bonigarcia/webdrivermanager/3.5.0/webdrivermanager-3.5.0.jar:/home/mkhabenko/.m2/repository/org/slf4j/slf4j-api/1.7.25/slf4j-api-1.7.25.jar:/home/mkhabenko/.m2/repository/commons-io/commons-io/2.6/commons-io-2.6.jar:/home/mkhabenko/.m2/repository/com/google/code/gson/gson/2.8.5/gson-2.8.5.jar:/home/mkhabenko/.m2/repository/org/apache/commons/commons-lang3/3.8.1/commons-lang3-3.8.1.jar:/home/mkhabenko/.m2/repository/org/apache/httpcomponents/httpclient/4.5.6/httpclient-4.5.6.jar:/home/mkhabenko/.m2/repository/org/apache/httpcomponents/httpcore/4.4.10/httpcore-4.4.10.jar:/home/mkhabenko/.m2/repository/commons-logging/commons-logging/1.2/commons-logging-1.2.jar:/home/mkhabenko/.m2/repository/commons-codec/commons-codec/1.10/commons-codec-1.10.jar:/home/mkhabenko/.m2/repository/org/rauschig/jarchivelib/1.0.0/jarchivelib-1.0.0.jar:/home/mkhabenko/.m2/repository/org/apache/commons/commons-compress/1.18/commons-compress-1.18.jar:/home/mkhabenko/.m2/repository/org/jsoup/jsoup/1.11.3/jsoup-1.11.3.jar:/home/mkhabenko/.m2/repository/com/googlecode/json-simple/json-simple/1.1.1/json-simple-1.1.1.jar:/home/mkhabenko/.m2/repository/junit/junit/4.10/junit-4.10.jar:/home/mkhabenko/.m2/repository/org/hamcrest/hamcrest-core/1.1/hamcrest-core-1.1.jar:/home/mkhabenko/.m2/repository/org/testcontainers/selenium/1.10.6/selenium-1.10.6.jar:/home/mkhabenko/.m2/repository/org/testcontainers/testcontainers/1.10.6/testcontainers-1.10.6.jar:/home/mkhabenko/.m2/repository/org/jetbrains/annotations/16.0.3/annotations-16.0.3.jar:/home/mkhabenko/.m2/repository/javax/annotation/javax.annotation-api/1.3.2/javax.annotation-api-1.3.2.jar:/home/mkhabenko/.m2/repository/javax/xml/bind/jaxb-api/2.3.1/jaxb-api-2.3.1.jar:/home/mkhabenko/.m2/repository/javax/activation/javax.activation-api/1.2.0/javax.activation-api-1.2.0.jar:/home/mkhabenko/.m2/repository/org/rnorth/duct-tape/duct-tape/1.0.7/duct-tape-1.0.7.jar:/home/mkhabenko/.m2/repository/org/rnorth/visible-assertions/visible-assertions/2.1.2/visible-assertions-2.1.2.jar:/home/mkhabenko/.m2/repository/net/java/dev/jna/jna/5.2.0/jna-5.2.0.jar:/home/mkhabenko/.m2/repository/org/rnorth/tcp-unix-socket-proxy/1.0.2/tcp-unix-socket-proxy-1.0.2.jar:/home/mkhabenko/.m2/repository/com/kohlschutter/junixsocket/junixsocket-native-common/2.0.4/junixsocket-native-common-2.0.4.jar:/home/mkhabenko/.m2/repository/org/scijava/native-lib-loader/2.0.2/native-lib-loader-2.0.2.jar:/home/mkhabenko/.m2/repository/com/kohlschutter/junixsocket/junixsocket-common/2.0.4/junixsocket-common-2.0.4.jar:/home/mkhabenko/.m2/repository/net/java/dev/jna/jna-platform/5.2.0/jna-platform-5.2.0.jar:/home/mkhabenko/.m2/repository/com/fasterxml/jackson/core/jackson-annotations/2.9.8/jackson-annotations-2.9.8.jar:/home/mkhabenko/.m2/repository/com/fasterxml/jackson/core/jackson-databind/2.9.8/jackson-databind-2.9.8.jar:/home/mkhabenko/.m2/repository/com/fasterxml/jackson/core/jackson-core/2.9.8/jackson-core-2.9.8.jar:/home/mkhabenko/.m2/repository/log4j/log4j/1.2.17/log4j-1.2.17.jar:"/>
    <property name="sun.cpu.endian" value="little"/>
    <property name="user.home" value="/home/mkhabenko"/>
    <property name="user.language" value="en"/>
    <property name="java.specification.vendor" value="Oracle Corporation"/>
    <property name="java.version.date" value="2019-04-16"/>
    <property name="java.home" value="/usr/lib/jvm/java-11-openjdk-amd64"/>
    <property name="file.separator" value="/"/>
    <property name="basedir" value="/home/mkhabenko/Work/ApolloUITests"/>
    <property name="java.vm.compressedOopsMode" value="Zero based"/>
    <property name="line.separator" value="&#10;"/>
    <property name="java.specification.name" value="Java Platform API Specification"/>
    <property name="java.vm.specification.vendor" value="Oracle Corporation"/>
    <property name="java.awt.graphicsenv" value="sun.awt.X11GraphicsEnvironment"/>
    <property name="surefire.real.class.path" value="/home/mkhabenko/Work/ApolloUITests/target/surefire/surefirebooter1462582535359057160.jar"/>
    <property name="sun.management.compiler" value="HotSpot 64-Bit Tiered Compilers"/>
    <property name="java.runtime.version" value="11.0.3+7-Ubuntu-1ubuntu218.04.1"/>
    <property name="user.name" value="mkhabenko"/>
    <property name="path.separator" value=":"/>
    <property name="os.version" value="4.18.0-20-generic"/>
    <property name="java.runtime.name" value="OpenJDK Runtime Environment"/>
    <property name="file.encoding" value="UTF-8"/>
    <property name="browser" value="firefox"/>
    <property name="java.vm.name" value="OpenJDK 64-Bit Server VM"/>
    <property name="localRepository" value="/home/mkhabenko/.m2/repository"/>
    <property name="java.vendor.url.bug" value="http://bugreport.java.com/bugreport/"/>
    <property name="java.io.tmpdir" value="/tmp"/>
    <property name="java.version" value="11.0.3"/>
    <property name="user.dir" value="/home/mkhabenko/Work/ApolloUITests"/>
    <property name="os.arch" value="amd64"/>
    <property name="java.vm.specification.name" value="Java Virtual Machine Specification"/>
    <property name="java.awt.printerjob" value="sun.print.PSPrinterJob"/>
    <property name="idea.version2019.1.2" value="true"/>
    <property name="sun.os.patch.level" value="unknown"/>
    <property name="java.library.path" value="/usr/java/packages/lib:/usr/lib/x86_64-linux-gnu/jni:/lib/x86_64-linux-gnu:/usr/lib/x86_64-linux-gnu:/usr/lib/jni:/lib:/usr/lib"/>
    <property name="java.vendor" value="Oracle Corporation"/>
    <property name="java.vm.info" value="mixed mode"/>
    <property name="java.vm.version" value="11.0.3+7-Ubuntu-1ubuntu218.04.1"/>
    <property name="sun.io.unicode.encoding" value="UnicodeLittle"/>
    <property name="java.class.version" value="55.0"/>
  </properties>
  <testcase name="test" classname="TestLogin" time="24.325"/>
</testsuite>